2015/09/18 17:24:32 にビルドを開始しました。
     1>ノード 2 上のプロジェクト "C:\Users\ogata\Documents\GitHub\analyse\analyse\analyse.vcxproj" (build ターゲット)。
     1>PrepareForBuild:
         ディレクトリ "C:\Users\ogata\Documents\GitHub\analyse\Debug\" を作成しています。
       InitializeBuildStatus:
         "AlwaysCreate" が指定されたため "Debug\analyse.unsuccessfulbuild" を作成しています。
       ClCompile:
         C:\Program Files (x86)\Microsoft Visual Studio 10.0\VC\bin\CL.exe /c /ZI /nologo /W3 /WX- /Od /Oy- /D _MBCS /Gm /EHsc /RTC1 /MDd /GS /fp:precise /Zc:wchar_t /Zc:forScope /Fo"Debug\\" /Fd"Debug\vc100.pdb" /Gd /TP /analyze- /errorReport:prompt analyse.cpp
         analyse.cpp
     1>c:\users\ogata\documents\github\analyse\analyse\analyse.cpp(20): warning C4996: 'sscanf': This function or variable may be unsafe. Consider using sscanf_s instead. To disable deprecation, use _CRT_SECURE_NO_WARNINGS. See online help for details.
                 c:\program files (x86)\microsoft visual studio 10.0\vc\include\stdio.h(325) : 'sscanf' の宣言を確認してください。
       Link:
         C:\Program Files (x86)\Microsoft Visual Studio 10.0\VC\bin\link.exe /ERRORREPORT:PROMPT /OUT:"C:\Users\ogata\Documents\GitHub\analyse\Debug\analyse.exe" /NOLOGO kernel32.lib user32.lib gdi32.lib winspool.lib comdlg32.lib advapi32.lib shell32.lib ole32.lib oleaut32.lib uuid.lib odbc32.lib odbccp32.lib /MANIFEST /ManifestFile:"Debug\analyse.exe.intermediate.manifest" /MANIFESTUAC:"level='asInvoker' uiAccess='false'" /DEBUG /PDB:"C:\Users\ogata\Documents\GitHub\analyse\Debug\analyse.pdb" /TLBID:1 /DYNAMICBASE /NXCOMPAT /IMPLIB:"C:\Users\ogata\Documents\GitHub\analyse\Debug\analyse.lib" /MACHINE:X86 Debug\analyse.obj
         analyse.vcxproj -> C:\Users\ogata\Documents\GitHub\analyse\Debug\analyse.exe
       Manifest:
         C:\Program Files (x86)\Microsoft SDKs\Windows\v7.0A\bin\mt.exe /nologo /verbose /outputresource:"C:\Users\ogata\Documents\GitHub\analyse\Debug\analyse.exe;#1" /manifest Debug\analyse.exe.intermediate.manifest
       FinalizeBuildStatus:
         ファイル "Debug\analyse.unsuccessfulbuild" を削除しています。
         "Debug\analyse.lastbuildstate" のタッチ タスクを実行しています。
     1>プロジェクト "C:\Users\ogata\Documents\GitHub\analyse\analyse\analyse.vcxproj" (build ターゲット) のビルドが完了しました。

ビルドに成功しました。

経過時間 00:00:01.03
